<?xml version="1.0" encoding="UTF-8"?>
<!-- Generated by org.testng.reporters.JUnitReportReporter -->
<testsuite hostname="DESKTOP-38BJ0FL" failures="0" tests="1" name="SumValidation" time="2.665" errors="0" timestamp="2024-01-20T23:06:04 IST" skipped="0">
  <testcase classname="SumValidation" name="sumOfCourses" time="2.665"/>
</testsuite> <!-- SumValidation -->
